2023-11-28 07:52:40 [main] INFO  c.h.b.c.BloodGroupControllerTest -
                Starting BloodGroupControllerTest using Java 21.0.1 with PID 14880 (started by sahil_srivastava in C:\Users\sahil_srivastava\Downloads\bloodDonor\bloodDonor)
2023-11-28 07:52:40 [main] DEBUG c.h.b.c.BloodGroupControllerTest -
                Running with Spring Boot v3.1.5, Spring v6.0.13
2023-11-28 07:52:40 [main] INFO  c.h.b.c.BloodGroupControllerTest -
                No active profile set, falling back to 1 default profile: "default"
2023-11-28 07:52:41 [main] INFO  c.h.b.c.BloodGroupControllerTest -
                Started BloodGroupControllerTest in 0.576 seconds (process running for 10.181)
2023-11-28 07:52:41 [main] INFO  c.h.b.c.AddressControllerTest -
                Starting AddressControllerTest using Java 21.0.1 with PID 14880 (started by sahil_srivastava in C:\Users\sahil_srivastava\Downloads\bloodDonor\bloodDonor)
2023-11-28 07:52:41 [main] DEBUG c.h.b.c.AddressControllerTest -
                Running with Spring Boot v3.1.5, Spring v6.0.13
2023-11-28 07:52:41 [main] INFO  c.h.b.c.AddressControllerTest -
                No active profile set, falling back to 1 default profile: "default"
2023-11-28 07:52:42 [main] INFO  c.h.b.c.AddressControllerTest -
                Started AddressControllerTest in 0.373 seconds (process running for 10.902)
2023-11-28 07:52:42 [main] INFO  c.h.b.controller.DonorControllerTest -
                Starting DonorControllerTest using Java 21.0.1 with PID 14880 (started by sahil_srivastava in C:\Users\sahil_srivastava\Downloads\bloodDonor\bloodDonor)
2023-11-28 07:52:42 [main] DEBUG c.h.b.controller.DonorControllerTest -
                Running with Spring Boot v3.1.5, Spring v6.0.13
2023-11-28 07:52:42 [main] INFO  c.h.b.controller.DonorControllerTest -
                No active profile set, falling back to 1 default profile: "default"
2023-11-28 07:52:42 [main] INFO  c.h.b.controller.DonorControllerTest -
                Started DonorControllerTest in 0.303 seconds (process running for 11.262)
2023-11-28 07:52:42 [main] INFO  c.h.b.controller.DonorController -
                bloodGroup : A+, country india, state : null, district : null, city : null
2023-11-28 08:01:46 [http-nio-8080-exec-2] INFO  c.h.b.controller.DonorController -
                bloodGroup : A+, country india, state : up, district : null, city : null
2023-11-29 08:13:45 [main] INFO  c.h.b.c.BloodGroupControllerTest -
                Starting BloodGroupControllerTest using Java 21.0.1 with PID 19536 (started by sahil_srivastava in C:\Users\sahil_srivastava\Downloads\bloodDonor\bloodDonor)
2023-11-29 08:13:45 [main] DEBUG c.h.b.c.BloodGroupControllerTest -
                Running with Spring Boot v3.1.5, Spring v6.0.13
2023-11-29 08:13:45 [main] INFO  c.h.b.c.BloodGroupControllerTest -
                No active profile set, falling back to 1 default profile: "default"
2023-11-29 08:13:46 [main] INFO  c.h.b.c.BloodGroupControllerTest -
                Started BloodGroupControllerTest in 0.656 seconds (process running for 10.971)
2023-11-29 08:13:47 [main] INFO  c.h.b.c.AddressControllerTest -
                Starting AddressControllerTest using Java 21.0.1 with PID 19536 (started by sahil_srivastava in C:\Users\sahil_srivastava\Downloads\bloodDonor\bloodDonor)
2023-11-29 08:13:47 [main] DEBUG c.h.b.c.AddressControllerTest -
                Running with Spring Boot v3.1.5, Spring v6.0.13
2023-11-29 08:13:47 [main] INFO  c.h.b.c.AddressControllerTest -
                No active profile set, falling back to 1 default profile: "default"
2023-11-29 08:13:47 [main] INFO  c.h.b.c.AddressControllerTest -
                Started AddressControllerTest in 0.466 seconds (process running for 12.154)
2023-11-29 08:13:47 [main] INFO  c.h.b.controller.DonorControllerTest -
                Starting DonorControllerTest using Java 21.0.1 with PID 19536 (started by sahil_srivastava in C:\Users\sahil_srivastava\Downloads\bloodDonor\bloodDonor)
2023-11-29 08:13:47 [main] DEBUG c.h.b.controller.DonorControllerTest -
                Running with Spring Boot v3.1.5, Spring v6.0.13
2023-11-29 08:13:47 [main] INFO  c.h.b.controller.DonorControllerTest -
                No active profile set, falling back to 1 default profile: "default"
2023-11-29 08:13:48 [main] INFO  c.h.b.controller.DonorControllerTest -
                Started DonorControllerTest in 0.33 seconds (process running for 12.564)
2023-11-29 08:13:48 [main] INFO  c.h.b.controller.DonorController -
                bloodGroup : A+, country india, state : null, district : null, city : null
2023-11-29 08:20:15 [main] INFO  c.h.b.c.BloodGroupControllerTest -
                Starting BloodGroupControllerTest using Java 21.0.1 with PID 12440 (started by sahil_srivastava in C:\Users\sahil_srivastava\Downloads\bloodDonor\bloodDonor)
2023-11-29 08:20:15 [main] DEBUG c.h.b.c.BloodGroupControllerTest -
                Running with Spring Boot v3.1.5, Spring v6.0.13
2023-11-29 08:20:15 [main] INFO  c.h.b.c.BloodGroupControllerTest -
                No active profile set, falling back to 1 default profile: "default"
2023-11-29 08:20:18 [main] INFO  c.h.b.c.BloodGroupControllerTest -
                Started BloodGroupControllerTest in 3.003 seconds (process running for 4.646)
2023-11-29 08:24:00 [http-nio-8080-exec-2] INFO  c.h.b.controller.DonorController -
                bloodGroup : A+, country india, state : up, district : null, city : null
2023-11-29 08:25:48 [main] INFO  c.h.b.controller.DonorControllerTest -
                Starting DonorControllerTest using Java 21.0.1 with PID 24016 (started by sahil_srivastava in C:\Users\sahil_srivastava\Downloads\bloodDonor\bloodDonor)
2023-11-29 08:25:48 [main] DEBUG c.h.b.controller.DonorControllerTest -
                Running with Spring Boot v3.1.5, Spring v6.0.13
2023-11-29 08:25:48 [main] INFO  c.h.b.controller.DonorControllerTest -
                No active profile set, falling back to 1 default profile: "default"
2023-11-29 08:25:50 [main] INFO  c.h.b.controller.DonorControllerTest -
                Started DonorControllerTest in 3.159 seconds (process running for 4.839)
2023-11-29 08:25:51 [main] INFO  c.h.b.controller.DonorController -
                bloodGroup : A+, country india, state : null, district : null, city : null
2023-11-29 10:19:12 [main] INFO  c.h.b.c.AddressControllerTest -
                Starting AddressControllerTest using Java 21.0.1 with PID 2356 (started by sahil_srivastava in C:\Users\sahil_srivastava\Downloads\bloodDonor\bloodDonor)
2023-11-29 10:19:12 [main] DEBUG c.h.b.c.AddressControllerTest -
                Running with Spring Boot v3.1.5, Spring v6.0.13
2023-11-29 10:19:12 [main] INFO  c.h.b.c.AddressControllerTest -
                No active profile set, falling back to 1 default profile: "default"
2023-11-29 10:19:13 [main] INFO  c.h.b.c.AddressControllerTest -
                Started AddressControllerTest in 0.717 seconds (process running for 9.651)
2023-11-29 10:19:13 [main] INFO  c.h.b.c.BloodGroupControllerTest -
                Starting BloodGroupControllerTest using Java 21.0.1 with PID 2356 (started by sahil_srivastava in C:\Users\sahil_srivastava\Downloads\bloodDonor\bloodDonor)
2023-11-29 10:19:13 [main] DEBUG c.h.b.c.BloodGroupControllerTest -
                Running with Spring Boot v3.1.5, Spring v6.0.13
2023-11-29 10:19:13 [main] INFO  c.h.b.c.BloodGroupControllerTest -
                No active profile set, falling back to 1 default profile: "default"
2023-11-29 10:19:14 [main] INFO  c.h.b.c.BloodGroupControllerTest -
                Started BloodGroupControllerTest in 0.559 seconds (process running for 10.578)
2023-11-29 10:19:14 [main] INFO  c.h.b.controller.DonorControllerTest -
                Starting DonorControllerTest using Java 21.0.1 with PID 2356 (started by sahil_srivastava in C:\Users\sahil_srivastava\Downloads\bloodDonor\bloodDonor)
2023-11-29 10:19:14 [main] DEBUG c.h.b.controller.DonorControllerTest -
                Running with Spring Boot v3.1.5, Spring v6.0.13
2023-11-29 10:19:14 [main] INFO  c.h.b.controller.DonorControllerTest -
                No active profile set, falling back to 1 default profile: "default"
2023-11-29 10:19:14 [main] INFO  c.h.b.controller.DonorControllerTest -
                Started DonorControllerTest in 0.449 seconds (process running for 11.261)
2023-11-29 10:19:14 [main] INFO  c.h.b.controller.DonorController -
                bloodGroup : A+, country india, state : null, district : null, city : null
