2023-11-24 07:33:10 [main] INFO  c.h.b.c.AddressControllerTest -
                Starting AddressControllerTest using Java 21.0.1 with PID 23904 (started by sahil_srivastava in C:\Users\sahil_srivastava\Downloads\bloodDonor\bloodDonor)
2023-11-24 07:33:10 [main] DEBUG c.h.b.c.AddressControllerTest -
                Running with Spring Boot v3.1.5, Spring v6.0.13
2023-11-24 07:33:10 [main] INFO  c.h.b.c.AddressControllerTest -
                No active profile set, falling back to 1 default profile: "default"
2023-11-24 07:33:14 [main] INFO  c.h.b.c.AddressControllerTest -
                Started AddressControllerTest in 4.139 seconds (process running for 6.516)
2023-11-24 07:38:23 [main] INFO  c.h.b.c.AddressControllerTest -
                Starting AddressControllerTest using Java 21.0.1 with PID 28000 (started by sahil_srivastava in C:\Users\sahil_srivastava\Downloads\bloodDonor\bloodDonor)
2023-11-24 07:38:23 [main] DEBUG c.h.b.c.AddressControllerTest -
                Running with Spring Boot v3.1.5, Spring v6.0.13
2023-11-24 07:38:23 [main] INFO  c.h.b.c.AddressControllerTest -
                No active profile set, falling back to 1 default profile: "default"
2023-11-24 07:38:26 [main] INFO  c.h.b.c.AddressControllerTest -
                Started AddressControllerTest in 3.265 seconds (process running for 4.813)
2023-11-24 07:38:59 [main] INFO  c.h.b.c.AddressControllerTest -
                Starting AddressControllerTest using Java 21.0.1 with PID 20440 (started by sahil_srivastava in C:\Users\sahil_srivastava\Downloads\bloodDonor\bloodDonor)
2023-11-24 07:38:59 [main] DEBUG c.h.b.c.AddressControllerTest -
                Running with Spring Boot v3.1.5, Spring v6.0.13
2023-11-24 07:38:59 [main] INFO  c.h.b.c.AddressControllerTest -
                No active profile set, falling back to 1 default profile: "default"
2023-11-24 07:39:01 [main] INFO  c.h.b.c.AddressControllerTest -
                Started AddressControllerTest in 2.926 seconds (process running for 4.676)
2023-11-24 07:41:35 [main] INFO  c.h.b.c.AddressControllerTest -
                Starting AddressControllerTest using Java 21.0.1 with PID 15008 (started by sahil_srivastava in C:\Users\sahil_srivastava\Downloads\bloodDonor\bloodDonor)
2023-11-24 07:41:35 [main] DEBUG c.h.b.c.AddressControllerTest -
                Running with Spring Boot v3.1.5, Spring v6.0.13
2023-11-24 07:41:35 [main] INFO  c.h.b.c.AddressControllerTest -
                No active profile set, falling back to 1 default profile: "default"
2023-11-24 07:41:37 [main] INFO  c.h.b.c.AddressControllerTest -
                Started AddressControllerTest in 2.893 seconds (process running for 4.585)
2023-11-24 07:42:17 [main] INFO  c.h.b.c.AddressControllerTest -
                Starting AddressControllerTest using Java 21.0.1 with PID 6324 (started by sahil_srivastava in C:\Users\sahil_srivastava\Downloads\bloodDonor\bloodDonor)
2023-11-24 07:42:17 [main] DEBUG c.h.b.c.AddressControllerTest -
                Running with Spring Boot v3.1.5, Spring v6.0.13
2023-11-24 07:42:17 [main] INFO  c.h.b.c.AddressControllerTest -
                No active profile set, falling back to 1 default profile: "default"
2023-11-24 07:42:19 [main] INFO  c.h.b.c.AddressControllerTest -
                Started AddressControllerTest in 2.98 seconds (process running for 4.597)
2023-11-24 07:43:48 [main] INFO  c.h.b.c.AddressControllerTest -
                Starting AddressControllerTest using Java 21.0.1 with PID 14028 (started by sahil_srivastava in C:\Users\sahil_srivastava\Downloads\bloodDonor\bloodDonor)
2023-11-24 07:43:48 [main] DEBUG c.h.b.c.AddressControllerTest -
                Running with Spring Boot v3.1.5, Spring v6.0.13
2023-11-24 07:43:48 [main] INFO  c.h.b.c.AddressControllerTest -
                No active profile set, falling back to 1 default profile: "default"
2023-11-24 07:43:50 [main] INFO  c.h.b.c.AddressControllerTest -
                Started AddressControllerTest in 3.05 seconds (process running for 4.571)
2023-11-24 07:46:11 [main] INFO  c.h.b.c.AddressControllerTest -
                Starting AddressControllerTest using Java 21.0.1 with PID 12520 (started by sahil_srivastava in C:\Users\sahil_srivastava\Downloads\bloodDonor\bloodDonor)
2023-11-24 07:46:11 [main] DEBUG c.h.b.c.AddressControllerTest -
                Running with Spring Boot v3.1.5, Spring v6.0.13
2023-11-24 07:46:11 [main] INFO  c.h.b.c.AddressControllerTest -
                No active profile set, falling back to 1 default profile: "default"
2023-11-24 07:46:13 [main] INFO  c.h.b.c.AddressControllerTest -
                Started AddressControllerTest in 2.9 seconds (process running for 4.546)
2023-11-24 07:49:16 [main] INFO  c.h.b.c.AddressControllerTest -
                Starting AddressControllerTest using Java 21.0.1 with PID 8108 (started by sahil_srivastava in C:\Users\sahil_srivastava\Downloads\bloodDonor\bloodDonor)
2023-11-24 07:49:16 [main] DEBUG c.h.b.c.AddressControllerTest -
                Running with Spring Boot v3.1.5, Spring v6.0.13
2023-11-24 07:49:16 [main] INFO  c.h.b.c.AddressControllerTest -
                No active profile set, falling back to 1 default profile: "default"
2023-11-24 07:49:19 [main] INFO  c.h.b.c.AddressControllerTest -
                Started AddressControllerTest in 3.083 seconds (process running for 4.721)
2023-11-24 07:50:43 [main] INFO  c.h.b.c.AddressControllerTest -
                Starting AddressControllerTest using Java 21.0.1 with PID 16348 (started by sahil_srivastava in C:\Users\sahil_srivastava\Downloads\bloodDonor\bloodDonor)
2023-11-24 07:50:43 [main] DEBUG c.h.b.c.AddressControllerTest -
                Running with Spring Boot v3.1.5, Spring v6.0.13
2023-11-24 07:50:43 [main] INFO  c.h.b.c.AddressControllerTest -
                No active profile set, falling back to 1 default profile: "default"
2023-11-24 07:50:46 [main] INFO  c.h.b.c.AddressControllerTest -
                Started AddressControllerTest in 2.909 seconds (process running for 4.471)
2023-11-24 07:52:09 [main] INFO  c.h.b.c.AddressControllerTest -
                Starting AddressControllerTest using Java 21.0.1 with PID 19732 (started by sahil_srivastava in C:\Users\sahil_srivastava\Downloads\bloodDonor\bloodDonor)
2023-11-24 07:52:09 [main] DEBUG c.h.b.c.AddressControllerTest -
                Running with Spring Boot v3.1.5, Spring v6.0.13
2023-11-24 07:52:09 [main] INFO  c.h.b.c.AddressControllerTest -
                No active profile set, falling back to 1 default profile: "default"
2023-11-24 07:52:11 [main] INFO  c.h.b.c.AddressControllerTest -
                Started AddressControllerTest in 2.948 seconds (process running for 4.57)
2023-11-24 07:52:31 [main] INFO  c.h.b.c.AddressControllerTest -
                Starting AddressControllerTest using Java 21.0.1 with PID 27296 (started by sahil_srivastava in C:\Users\sahil_srivastava\Downloads\bloodDonor\bloodDonor)
2023-11-24 07:52:31 [main] DEBUG c.h.b.c.AddressControllerTest -
                Running with Spring Boot v3.1.5, Spring v6.0.13
2023-11-24 07:52:31 [main] INFO  c.h.b.c.AddressControllerTest -
                No active profile set, falling back to 1 default profile: "default"
2023-11-24 07:52:34 [main] INFO  c.h.b.c.AddressControllerTest -
                Started AddressControllerTest in 2.846 seconds (process running for 4.453)
2023-11-24 08:06:46 [main] INFO  c.h.b.c.BloodGroupControllerTest -
                Starting BloodGroupControllerTest using Java 21.0.1 with PID 24684 (started by sahil_srivastava in C:\Users\sahil_srivastava\Downloads\bloodDonor\bloodDonor)
2023-11-24 08:06:46 [main] DEBUG c.h.b.c.BloodGroupControllerTest -
                Running with Spring Boot v3.1.5, Spring v6.0.13
2023-11-24 08:06:46 [main] INFO  c.h.b.c.BloodGroupControllerTest -
                No active profile set, falling back to 1 default profile: "default"
2023-11-24 08:14:13 [main] INFO  c.h.b.c.BloodGroupControllerTest -
                Starting BloodGroupControllerTest using Java 21.0.1 with PID 15764 (started by sahil_srivastava in C:\Users\sahil_srivastava\Downloads\bloodDonor\bloodDonor)
2023-11-24 08:14:13 [main] DEBUG c.h.b.c.BloodGroupControllerTest -
                Running with Spring Boot v3.1.5, Spring v6.0.13
2023-11-24 08:14:13 [main] INFO  c.h.b.c.BloodGroupControllerTest -
                No active profile set, falling back to 1 default profile: "default"
2023-11-24 08:15:39 [main] INFO  c.h.b.c.BloodGroupControllerTest -
                Starting BloodGroupControllerTest using Java 21.0.1 with PID 12424 (started by sahil_srivastava in C:\Users\sahil_srivastava\Downloads\bloodDonor\bloodDonor)
2023-11-24 08:15:39 [main] DEBUG c.h.b.c.BloodGroupControllerTest -
                Running with Spring Boot v3.1.5, Spring v6.0.13
2023-11-24 08:15:39 [main] INFO  c.h.b.c.BloodGroupControllerTest -
                No active profile set, falling back to 1 default profile: "default"
2023-11-24 08:15:42 [main] INFO  c.h.b.c.BloodGroupControllerTest -
                Started BloodGroupControllerTest in 2.935 seconds (process running for 4.533)
2023-11-24 08:17:42 [main] INFO  c.h.b.c.BloodGroupControllerTest -
                Starting BloodGroupControllerTest using Java 21.0.1 with PID 13336 (started by sahil_srivastava in C:\Users\sahil_srivastava\Downloads\bloodDonor\bloodDonor)
2023-11-24 08:17:42 [main] DEBUG c.h.b.c.BloodGroupControllerTest -
                Running with Spring Boot v3.1.5, Spring v6.0.13
2023-11-24 08:17:42 [main] INFO  c.h.b.c.BloodGroupControllerTest -
                No active profile set, falling back to 1 default profile: "default"
2023-11-24 08:17:45 [main] INFO  c.h.b.c.BloodGroupControllerTest -
                Started BloodGroupControllerTest in 3.007 seconds (process running for 4.563)
2023-11-24 08:19:32 [main] INFO  c.h.b.c.BloodGroupControllerTest -
                Starting BloodGroupControllerTest using Java 21.0.1 with PID 7804 (started by sahil_srivastava in C:\Users\sahil_srivastava\Downloads\bloodDonor\bloodDonor)
2023-11-24 08:19:32 [main] DEBUG c.h.b.c.BloodGroupControllerTest -
                Running with Spring Boot v3.1.5, Spring v6.0.13
2023-11-24 08:19:32 [main] INFO  c.h.b.c.BloodGroupControllerTest -
                No active profile set, falling back to 1 default profile: "default"
2023-11-24 08:19:34 [main] INFO  c.h.b.c.BloodGroupControllerTest -
                Started BloodGroupControllerTest in 2.974 seconds (process running for 4.528)
2023-11-24 08:20:37 [main] INFO  c.h.b.c.BloodGroupControllerTest -
                Starting BloodGroupControllerTest using Java 21.0.1 with PID 24876 (started by sahil_srivastava in C:\Users\sahil_srivastava\Downloads\bloodDonor\bloodDonor)
2023-11-24 08:20:37 [main] DEBUG c.h.b.c.BloodGroupControllerTest -
                Running with Spring Boot v3.1.5, Spring v6.0.13
2023-11-24 08:20:37 [main] INFO  c.h.b.c.BloodGroupControllerTest -
                No active profile set, falling back to 1 default profile: "default"
2023-11-24 08:20:39 [main] INFO  c.h.b.c.BloodGroupControllerTest -
                Started BloodGroupControllerTest in 2.957 seconds (process running for 4.593)
2023-11-24 08:26:37 [main] INFO  c.h.b.c.BloodGroupControllerTest -
                Starting BloodGroupControllerTest using Java 21.0.1 with PID 24340 (started by sahil_srivastava in C:\Users\sahil_srivastava\Downloads\bloodDonor\bloodDonor)
2023-11-24 08:26:37 [main] DEBUG c.h.b.c.BloodGroupControllerTest -
                Running with Spring Boot v3.1.5, Spring v6.0.13
2023-11-24 08:26:37 [main] INFO  c.h.b.c.BloodGroupControllerTest -
                No active profile set, falling back to 1 default profile: "default"
2023-11-24 08:26:40 [main] INFO  c.h.b.c.BloodGroupControllerTest -
                Started BloodGroupControllerTest in 3.055 seconds (process running for 4.719)
2023-11-24 08:27:38 [main] INFO  c.h.b.c.BloodGroupControllerTest -
                Starting BloodGroupControllerTest using Java 21.0.1 with PID 19740 (started by sahil_srivastava in C:\Users\sahil_srivastava\Downloads\bloodDonor\bloodDonor)
2023-11-24 08:27:38 [main] DEBUG c.h.b.c.BloodGroupControllerTest -
                Running with Spring Boot v3.1.5, Spring v6.0.13
2023-11-24 08:27:38 [main] INFO  c.h.b.c.BloodGroupControllerTest -
                No active profile set, falling back to 1 default profile: "default"
2023-11-24 08:27:40 [main] INFO  c.h.b.c.BloodGroupControllerTest -
                Started BloodGroupControllerTest in 3.065 seconds (process running for 4.619)
2023-11-24 08:31:46 [main] INFO  c.h.b.c.BloodGroupControllerTest -
                Starting BloodGroupControllerTest using Java 21.0.1 with PID 9196 (started by sahil_srivastava in C:\Users\sahil_srivastava\Downloads\bloodDonor\bloodDonor)
2023-11-24 08:31:46 [main] DEBUG c.h.b.c.BloodGroupControllerTest -
                Running with Spring Boot v3.1.5, Spring v6.0.13
2023-11-24 08:31:46 [main] INFO  c.h.b.c.BloodGroupControllerTest -
                No active profile set, falling back to 1 default profile: "default"
2023-11-24 08:31:49 [main] INFO  c.h.b.c.BloodGroupControllerTest -
                Started BloodGroupControllerTest in 3.126 seconds (process running for 4.729)
2023-11-24 08:32:30 [main] INFO  c.h.b.c.BloodGroupControllerTest -
                Starting BloodGroupControllerTest using Java 21.0.1 with PID 26692 (started by sahil_srivastava in C:\Users\sahil_srivastava\Downloads\bloodDonor\bloodDonor)
2023-11-24 08:32:30 [main] DEBUG c.h.b.c.BloodGroupControllerTest -
                Running with Spring Boot v3.1.5, Spring v6.0.13
2023-11-24 08:32:30 [main] INFO  c.h.b.c.BloodGroupControllerTest -
                No active profile set, falling back to 1 default profile: "default"
2023-11-24 08:32:32 [main] INFO  c.h.b.c.BloodGroupControllerTest -
                Started BloodGroupControllerTest in 2.929 seconds (process running for 4.6)
2023-11-24 08:33:15 [main] INFO  c.h.b.c.BloodGroupControllerTest -
                Starting BloodGroupControllerTest using Java 21.0.1 with PID 25660 (started by sahil_srivastava in C:\Users\sahil_srivastava\Downloads\bloodDonor\bloodDonor)
2023-11-24 08:33:15 [main] DEBUG c.h.b.c.BloodGroupControllerTest -
                Running with Spring Boot v3.1.5, Spring v6.0.13
2023-11-24 08:33:15 [main] INFO  c.h.b.c.BloodGroupControllerTest -
                No active profile set, falling back to 1 default profile: "default"
2023-11-24 08:33:18 [main] INFO  c.h.b.c.BloodGroupControllerTest -
                Started BloodGroupControllerTest in 3.095 seconds (process running for 4.843)
2023-11-24 08:34:54 [main] INFO  c.h.b.c.BloodGroupControllerTest -
                Starting BloodGroupControllerTest using Java 21.0.1 with PID 21484 (started by sahil_srivastava in C:\Users\sahil_srivastava\Downloads\bloodDonor\bloodDonor)
2023-11-24 08:34:54 [main] DEBUG c.h.b.c.BloodGroupControllerTest -
                Running with Spring Boot v3.1.5, Spring v6.0.13
2023-11-24 08:34:54 [main] INFO  c.h.b.c.BloodGroupControllerTest -
                No active profile set, falling back to 1 default profile: "default"
2023-11-24 08:34:57 [main] INFO  c.h.b.c.BloodGroupControllerTest -
                Started BloodGroupControllerTest in 3.274 seconds (process running for 5.631)
2023-11-24 08:38:18 [main] INFO  c.h.b.c.BloodGroupControllerTest -
                Starting BloodGroupControllerTest using Java 21.0.1 with PID 24500 (started by sahil_srivastava in C:\Users\sahil_srivastava\Downloads\bloodDonor\bloodDonor)
2023-11-24 08:38:18 [main] DEBUG c.h.b.c.BloodGroupControllerTest -
                Running with Spring Boot v3.1.5, Spring v6.0.13
2023-11-24 08:38:18 [main] INFO  c.h.b.c.BloodGroupControllerTest -
                No active profile set, falling back to 1 default profile: "default"
2023-11-24 08:38:20 [main] INFO  c.h.b.c.BloodGroupControllerTest -
                Started BloodGroupControllerTest in 3.062 seconds (process running for 4.696)
2023-11-24 08:39:08 [main] INFO  c.h.b.c.BloodGroupControllerTest -
                Starting BloodGroupControllerTest using Java 21.0.1 with PID 24488 (started by sahil_srivastava in C:\Users\sahil_srivastava\Downloads\bloodDonor\bloodDonor)
2023-11-24 08:39:08 [main] DEBUG c.h.b.c.BloodGroupControllerTest -
                Running with Spring Boot v3.1.5, Spring v6.0.13
2023-11-24 08:39:08 [main] INFO  c.h.b.c.BloodGroupControllerTest -
                No active profile set, falling back to 1 default profile: "default"
2023-11-24 08:39:11 [main] INFO  c.h.b.c.BloodGroupControllerTest -
                Started BloodGroupControllerTest in 3.02 seconds (process running for 4.752)
2023-11-24 13:59:01 [main] INFO  c.h.b.controller.DonorControllerTest -
                Starting DonorControllerTest using Java 21.0.1 with PID 17912 (started by sahil_srivastava in C:\Users\sahil_srivastava\Downloads\bloodDonor\bloodDonor)
2023-11-24 13:59:01 [main] DEBUG c.h.b.controller.DonorControllerTest -
                Running with Spring Boot v3.1.5, Spring v6.0.13
2023-11-24 13:59:01 [main] INFO  c.h.b.controller.DonorControllerTest -
                No active profile set, falling back to 1 default profile: "default"
2023-11-24 13:59:03 [main] INFO  c.h.b.controller.DonorControllerTest -
                Started DonorControllerTest in 2.842 seconds (process running for 4.302)
2023-11-24 13:59:52 [main] INFO  c.h.b.controller.DonorControllerTest -
                Starting DonorControllerTest using Java 21.0.1 with PID 11788 (started by sahil_srivastava in C:\Users\sahil_srivastava\Downloads\bloodDonor\bloodDonor)
2023-11-24 13:59:52 [main] DEBUG c.h.b.controller.DonorControllerTest -
                Running with Spring Boot v3.1.5, Spring v6.0.13
2023-11-24 13:59:52 [main] INFO  c.h.b.controller.DonorControllerTest -
                No active profile set, falling back to 1 default profile: "default"
2023-11-24 13:59:55 [main] INFO  c.h.b.controller.DonorControllerTest -
                Started DonorControllerTest in 2.927 seconds (process running for 4.639)
2023-11-24 14:01:26 [main] INFO  c.h.b.controller.DonorControllerTest -
                Starting DonorControllerTest using Java 21.0.1 with PID 8992 (started by sahil_srivastava in C:\Users\sahil_srivastava\Downloads\bloodDonor\bloodDonor)
2023-11-24 14:01:26 [main] DEBUG c.h.b.controller.DonorControllerTest -
                Running with Spring Boot v3.1.5, Spring v6.0.13
2023-11-24 14:01:26 [main] INFO  c.h.b.controller.DonorControllerTest -
                No active profile set, falling back to 1 default profile: "default"
2023-11-24 14:01:28 [main] INFO  c.h.b.controller.DonorControllerTest -
                Started DonorControllerTest in 2.962 seconds (process running for 4.416)
2023-11-24 14:01:29 [main] INFO  c.h.b.controller.DonorController -
                bloodGroup : A+, country india, state : null, district : null, city : null
2023-11-24 14:01:29 [main] ERROR c.h.b.controller.DonorController -
                bloodGroup : A+, country india
2023-11-24 14:02:22 [main] INFO  c.h.b.controller.DonorControllerTest -
                Starting DonorControllerTest using Java 21.0.1 with PID 25932 (started by sahil_srivastava in C:\Users\sahil_srivastava\Downloads\bloodDonor\bloodDonor)
2023-11-24 14:02:22 [main] DEBUG c.h.b.controller.DonorControllerTest -
                Running with Spring Boot v3.1.5, Spring v6.0.13
2023-11-24 14:02:22 [main] INFO  c.h.b.controller.DonorControllerTest -
                No active profile set, falling back to 1 default profile: "default"
2023-11-24 14:02:25 [main] INFO  c.h.b.controller.DonorControllerTest -
                Started DonorControllerTest in 3.331 seconds (process running for 4.993)
2023-11-24 14:02:25 [main] INFO  c.h.b.controller.DonorController -
                bloodGroup : A+, country india, state : null, district : null, city : null
2023-11-24 14:02:25 [main] ERROR c.h.b.controller.DonorController -
                bloodGroup : A+, country india
2023-11-24 14:59:07 [main] INFO  c.h.b.controller.DonorControllerTest -
                Starting DonorControllerTest using Java 21.0.1 with PID 20624 (started by sahil_srivastava in C:\Users\sahil_srivastava\Downloads\bloodDonor\bloodDonor)
2023-11-24 14:59:07 [main] DEBUG c.h.b.controller.DonorControllerTest -
                Running with Spring Boot v3.1.5, Spring v6.0.13
2023-11-24 14:59:07 [main] INFO  c.h.b.controller.DonorControllerTest -
                No active profile set, falling back to 1 default profile: "default"
2023-11-24 14:59:09 [main] INFO  c.h.b.controller.DonorControllerTest -
                Started DonorControllerTest in 2.779 seconds (process running for 4.262)
2023-11-24 15:00:11 [main] INFO  c.h.b.controller.DonorControllerTest -
                Starting DonorControllerTest using Java 21.0.1 with PID 13612 (started by sahil_srivastava in C:\Users\sahil_srivastava\Downloads\bloodDonor\bloodDonor)
2023-11-24 15:00:11 [main] DEBUG c.h.b.controller.DonorControllerTest -
                Running with Spring Boot v3.1.5, Spring v6.0.13
2023-11-24 15:00:11 [main] INFO  c.h.b.controller.DonorControllerTest -
                No active profile set, falling back to 1 default profile: "default"
2023-11-24 15:00:13 [main] INFO  c.h.b.controller.DonorControllerTest -
                Started DonorControllerTest in 2.694 seconds (process running for 4.141)
2023-11-24 15:01:14 [main] INFO  c.h.b.controller.DonorControllerTest -
                Starting DonorControllerTest using Java 21.0.1 with PID 22696 (started by sahil_srivastava in C:\Users\sahil_srivastava\Downloads\bloodDonor\bloodDonor)
2023-11-24 15:01:14 [main] DEBUG c.h.b.controller.DonorControllerTest -
                Running with Spring Boot v3.1.5, Spring v6.0.13
2023-11-24 15:01:14 [main] INFO  c.h.b.controller.DonorControllerTest -
                No active profile set, falling back to 1 default profile: "default"
2023-11-24 15:01:17 [main] INFO  c.h.b.controller.DonorControllerTest -
                Started DonorControllerTest in 2.686 seconds (process running for 4.135)
2023-11-24 15:02:32 [main] INFO  c.h.b.controller.DonorControllerTest -
                Starting DonorControllerTest using Java 21.0.1 with PID 28532 (started by sahil_srivastava in C:\Users\sahil_srivastava\Downloads\bloodDonor\bloodDonor)
2023-11-24 15:02:32 [main] DEBUG c.h.b.controller.DonorControllerTest -
                Running with Spring Boot v3.1.5, Spring v6.0.13
2023-11-24 15:02:32 [main] INFO  c.h.b.controller.DonorControllerTest -
                No active profile set, falling back to 1 default profile: "default"
2023-11-24 15:02:35 [main] INFO  c.h.b.controller.DonorControllerTest -
                Started DonorControllerTest in 2.83 seconds (process running for 4.337)
2023-11-24 15:05:00 [main] INFO  c.h.b.controller.DonorControllerTest -
                Starting DonorControllerTest using Java 21.0.1 with PID 18748 (started by sahil_srivastava in C:\Users\sahil_srivastava\Downloads\bloodDonor\bloodDonor)
2023-11-24 15:05:00 [main] DEBUG c.h.b.controller.DonorControllerTest -
                Running with Spring Boot v3.1.5, Spring v6.0.13
2023-11-24 15:05:00 [main] INFO  c.h.b.controller.DonorControllerTest -
                No active profile set, falling back to 1 default profile: "default"
2023-11-24 15:05:03 [main] INFO  c.h.b.controller.DonorControllerTest -
                Started DonorControllerTest in 2.744 seconds (process running for 4.251)
2023-11-24 15:07:17 [main] INFO  c.h.b.controller.DonorControllerTest -
                Starting DonorControllerTest using Java 21.0.1 with PID 27512 (started by sahil_srivastava in C:\Users\sahil_srivastava\Downloads\bloodDonor\bloodDonor)
2023-11-24 15:07:17 [main] DEBUG c.h.b.controller.DonorControllerTest -
                Running with Spring Boot v3.1.5, Spring v6.0.13
2023-11-24 15:07:17 [main] INFO  c.h.b.controller.DonorControllerTest -
                No active profile set, falling back to 1 default profile: "default"
2023-11-24 15:07:20 [main] INFO  c.h.b.controller.DonorControllerTest -
                Started DonorControllerTest in 2.721 seconds (process running for 4.148)
2023-11-24 16:47:32 [main] INFO  c.h.b.controller.DonorControllerTest -
                Starting DonorControllerTest using Java 21.0.1 with PID 23420 (started by sahil_srivastava in C:\Users\sahil_srivastava\Downloads\bloodDonor\bloodDonor)
2023-11-24 16:47:32 [main] DEBUG c.h.b.controller.DonorControllerTest -
                Running with Spring Boot v3.1.5, Spring v6.0.13
2023-11-24 16:47:32 [main] INFO  c.h.b.controller.DonorControllerTest -
                No active profile set, falling back to 1 default profile: "default"
2023-11-24 16:47:35 [main] INFO  c.h.b.controller.DonorControllerTest -
                Started DonorControllerTest in 3.3 seconds (process running for 4.945)
